<?xml version="1.0" encoding="UTF-8"?>
<testsuites name="CinemaAbyss API Tests" tests="22" time="1.014">
  <testsuite name="Monolith Service / Health Check" id="26e32f8d-35ef-4b76-8eaa-96210191e02a" timestamp="2025-09-03T18:34:20.743Z" tests="1" failures="0" errors="0" time="0.019">
    <testcase name="Status code is 200" time="0.019" classname="CinemaAbyssApiTests"/>
  </testsuite>
  <testsuite name="Monolith Service / Get All Users" id="57830dbb-da67-4149-ac5d-3623cc549148" timestamp="2025-09-03T18:34:20.743Z" tests="2" failures="0" errors="0" time="0.015">
    <testcase name="Status code is 200" time="0.015" classname="CinemaAbyssApiTests"/>
    <testcase name="Response is an array" time="0.015" classname="CinemaAbyssApiTests"/>
  </testsuite>
  <testsuite name="Monolith Service / Create User" id="1157ca57-27df-44ef-99f1-8a0a5713e030" timestamp="2025-09-03T18:34:20.743Z" tests="2" failures="0" errors="0" time="0.012">
    <testcase name="Status code is 201" time="0.012" classname="CinemaAbyssApiTests"/>
    <testcase name="Response has id" time="0.012" classname="CinemaAbyssApiTests"/>
  </testsuite>
  <testsuite name="Monolith Service / Get User by ID" id="6a4670e2-4c2e-4d96-91aa-c0e97d337d29" timestamp="2025-09-03T18:34:20.743Z" tests="2" failures="0" errors="0" time="0.008">
    <testcase name="Status code is 200" time="0.008" classname="CinemaAbyssApiTests"/>
    <testcase name="User ID matches" time="0.008" classname="CinemaAbyssApiTests"/>
  </testsuite>
  <testsuite name="Monolith Service / Get All Movies" id="1efb7c55-4b74-44d6-9692-84d1de629f96" timestamp="2025-09-03T18:34:20.743Z" tests="2" failures="0" errors="0" time="0.031">
    <testcase name="Status code is 200" time="0.031" classname="CinemaAbyssApiTests"/>
    <testcase name="Response is an array" time="0.031" classname="CinemaAbyssApiTests"/>
  </testsuite>
  <testsuite name="Monolith Service / Create Movie" id="81378ea4-825b-4f7b-8040-955c973710eb" timestamp="2025-09-03T18:34:20.743Z" tests="2" failures="0" errors="0" time="0.012">
    <testcase name="Status code is 201" time="0.012" classname="CinemaAbyssApiTests"/>
    <testcase name="Response has id" time="0.012" classname="CinemaAbyssApiTests"/>
  </testsuite>
  <testsuite name="Monolith Service / Get Movie by ID" id="f64e5685-fe91-4614-8a48-f38e4a12bd29" timestamp="2025-09-03T18:34:20.743Z" tests="2" failures="0" errors="0" time="0.007">
    <testcase name="Status code is 200" time="0.007" classname="CinemaAbyssApiTests"/>
    <testcase name="Movie ID matches" time="0.007" classname="CinemaAbyssApiTests"/>
  </testsuite>
  <testsuite name="Monolith Service / Create Payment" id="af6057a1-cf58-4834-89e2-e9b119a2c87b" timestamp="2025-09-03T18:34:20.743Z" tests="2" failures="0" errors="0" time="0.008">
    <testcase name="Status code is 201" time="0.008" classname="CinemaAbyssApiTests"/>
    <testcase name="Response has id" time="0.008" classname="CinemaAbyssApiTests"/>
  </testsuite>
  <testsuite name="Monolith Service / Get Payment by ID" id="91d7eb4f-cdf8-4447-871f-4bf4a85e4e62" timestamp="2025-09-03T18:34:20.743Z" tests="2" failures="0" errors="0" time="0.008">
    <testcase name="Status code is 200" time="0.008" classname="CinemaAbyssApiTests"/>
    <testcase name="Payment ID matches" time="0.008" classname="CinemaAbyssApiTests"/>
  </testsuite>
  <testsuite name="Monolith Service / Create Subscription" id="6e581c49-9148-447d-bfb0-a3d145d6d938" timestamp="2025-09-03T18:34:20.743Z" tests="2" failures="0" errors="0" time="0.010">
    <testcase name="Status code is 201" time="0.010" classname="CinemaAbyssApiTests"/>
    <testcase name="Response has id" time="0.010" classname="CinemaAbyssApiTests"/>
  </testsuite>
  <testsuite name="Monolith Service / Get Subscription by ID" id="d88a912e-8f06-4b04-baf4-590003f0d6bc" timestamp="2025-09-03T18:34:20.743Z" tests="2" failures="0" errors="0" time="0.007">
    <testcase name="Status code is 200" time="0.007" classname="CinemaAbyssApiTests"/>
    <testcase name="Subscription ID matches" time="0.007" classname="CinemaAbyssApiTests"/>
  </testsuite>
  <testsuite name="Movies Microservice / Health Check" id="6e3511c2-52c2-4578-b68c-c61db6c74de9" timestamp="2025-09-03T18:34:20.743Z" tests="2" failures="0" errors="0" time="0.009">
    <testcase name="Status code is 200" time="0.009" classname="CinemaAbyssApiTests"/>
    <testcase name="Status is true" time="0.009" classname="CinemaAbyssApiTests"/>
  </testsuite>
  <testsuite name="Movies Microservice / Get All Movies" id="2df8e130-5e84-4c98-baeb-9b0a03b4cf12" timestamp="2025-09-03T18:34:20.743Z" tests="2" failures="0" errors="0" time="0.023">
    <testcase name="Status code is 200" time="0.023" classname="CinemaAbyssApiTests"/>
    <testcase name="Response is an array" time="0.023" classname="CinemaAbyssApiTests"/>
  </testsuite>
  <testsuite name="Movies Microservice / Create Movie" id="5a844a45-3148-4d5a-9170-13d3dab16dea" timestamp="2025-09-03T18:34:20.743Z" tests="2" failures="0" errors="0" time="0.011">
    <testcase name="Status code is 201" time="0.011" classname="CinemaAbyssApiTests"/>
    <testcase name="Response has id" time="0.011" classname="CinemaAbyssApiTests"/>
  </testsuite>
  <testsuite name="Movies Microservice / Get Movie by ID" id="b7daa691-7ed4-4716-9061-a1114d640003" timestamp="2025-09-03T18:34:20.743Z" tests="2" failures="0" errors="0" time="0.005">
    <testcase name="Status code is 200" time="0.005" classname="CinemaAbyssApiTests"/>
    <testcase name="Movie ID matches" time="0.005" classname="CinemaAbyssApiTests"/>
  </testsuite>
  <testsuite name="Events Microservice / Health Check" id="54dd75a9-d91f-438e-adea-a44089af5727" timestamp="2025-09-03T18:34:20.743Z" tests="2" failures="0" errors="0" time="0.301">
    <testcase name="Status code is 200" time="0.301" classname="CinemaAbyssApiTests"/>
    <testcase name="Status is true" time="0.301" classname="CinemaAbyssApiTests"/>
  </testsuite>
  <testsuite name="Events Microservice / Create Movie Event" id="965fe0a3-ef4e-4f8e-a957-63a8f8b8f703" timestamp="2025-09-03T18:34:20.743Z" tests="2" failures="0" errors="0" time="0.203">
    <testcase name="Status code is 201" time="0.203" classname="CinemaAbyssApiTests"/>
    <testcase name="Response has status success" time="0.203" classname="CinemaAbyssApiTests"/>
  </testsuite>
  <testsuite name="Events Microservice / Create User Event" id="7c7c73b3-3c1f-4d68-88fd-8bb5576a8332" timestamp="2025-09-03T18:34:20.743Z" tests="2" failures="0" errors="0" time="0.021">
    <testcase name="Status code is 201" time="0.021" classname="CinemaAbyssApiTests"/>
    <testcase name="Response has status success" time="0.021" classname="CinemaAbyssApiTests"/>
  </testsuite>
  <testsuite name="Events Microservice / Create Payment Event" id="1934894a-55ea-4738-b8a7-c42f020eab4c" timestamp="2025-09-03T18:34:20.743Z" tests="2" failures="0" errors="0" time="0.019">
    <testcase name="Status code is 201" time="0.019" classname="CinemaAbyssApiTests"/>
    <testcase name="Response has status success" time="0.019" classname="CinemaAbyssApiTests"/>
  </testsuite>
  <testsuite name="Proxy Service / Health Check" id="3afd461f-6564-4dbb-b436-3d51b9eb6e50" timestamp="2025-09-03T18:34:20.743Z" tests="1" failures="0" errors="0" time="0.201">
    <testcase name="Status code is 200" time="0.201" classname="CinemaAbyssApiTests"/>
  </testsuite>
  <testsuite name="Proxy Service / Get All Movies via Proxy" id="52330887-b82c-4e5d-beac-ac9a2d1499d0" timestamp="2025-09-03T18:34:20.743Z" tests="2" failures="0" errors="0" time="0.070">
    <testcase name="Status code is 200" time="0.070" classname="CinemaAbyssApiTests"/>
    <testcase name="Response is an array" time="0.070" classname="CinemaAbyssApiTests"/>
  </testsuite>
  <testsuite name="Proxy Service / Get All Users via Proxy" id="c79653a2-b264-467b-8c3b-6c2cec2bb37d" timestamp="2025-09-03T18:34:20.743Z" tests="2" failures="0" errors="0" time="0.014">
    <testcase name="Status code is 200" time="0.014" classname="CinemaAbyssApiTests"/>
    <testcase name="Response is an array" time="0.014" classname="CinemaAbyssApiTests"/>
  </testsuite>
</testsuites>