<?xml version="1.0" encoding="UTF-8"?>
<testsuites name="CinemaAbyss API Tests" tests="22" time="0.351">
  <testsuite name="Monolith Service / Health Check" id="6ccb5108-e785-4211-bee4-4f38adb8207d" timestamp="2025-09-01T22:32:11.607Z" tests="1" failures="0" errors="0" time="0.013">
    <testcase name="Status code is 200" time="0.013" classname="CinemaAbyssApiTests"/>
  </testsuite>
  <testsuite name="Monolith Service / Get All Users" id="ac33d556-2dc3-4dcc-8fb8-709a8b93a2a5" timestamp="2025-09-01T22:32:11.607Z" tests="2" failures="0" errors="0" time="0.006">
    <testcase name="Status code is 200" time="0.006" classname="CinemaAbyssApiTests"/>
    <testcase name="Response is an array" time="0.006" classname="CinemaAbyssApiTests"/>
  </testsuite>
  <testsuite name="Monolith Service / Create User" id="3d2e25d8-7bca-43a5-baa4-0ae1e95302f0" timestamp="2025-09-01T22:32:11.607Z" tests="2" failures="0" errors="0" time="0.010">
    <testcase name="Status code is 201" time="0.010" classname="CinemaAbyssApiTests"/>
    <testcase name="Response has id" time="0.010" classname="CinemaAbyssApiTests"/>
  </testsuite>
  <testsuite name="Monolith Service / Get User by ID" id="77f3bc10-7b91-459e-bb16-f01fc1e2d0ab" timestamp="2025-09-01T22:32:11.607Z" tests="2" failures="0" errors="0" time="0.007">
    <testcase name="Status code is 200" time="0.007" classname="CinemaAbyssApiTests"/>
    <testcase name="User ID matches" time="0.007" classname="CinemaAbyssApiTests"/>
  </testsuite>
  <testsuite name="Monolith Service / Get All Movies" id="06e63c57-695e-4781-94c4-d9beb5f90edb" timestamp="2025-09-01T22:32:11.607Z" tests="2" failures="0" errors="0" time="0.011">
    <testcase name="Status code is 200" time="0.011" classname="CinemaAbyssApiTests"/>
    <testcase name="Response is an array" time="0.011" classname="CinemaAbyssApiTests"/>
  </testsuite>
  <testsuite name="Monolith Service / Create Movie" id="fb68e04a-8aff-4c45-bb63-6e70c468cf9a" timestamp="2025-09-01T22:32:11.607Z" tests="2" failures="0" errors="0" time="0.005">
    <testcase name="Status code is 201" time="0.005" classname="CinemaAbyssApiTests"/>
    <testcase name="Response has id" time="0.005" classname="CinemaAbyssApiTests"/>
  </testsuite>
  <testsuite name="Monolith Service / Get Movie by ID" id="42005c39-acf2-45e6-a5c2-790c01cea59e" timestamp="2025-09-01T22:32:11.607Z" tests="2" failures="0" errors="0" time="0.005">
    <testcase name="Status code is 200" time="0.005" classname="CinemaAbyssApiTests"/>
    <testcase name="Movie ID matches" time="0.005" classname="CinemaAbyssApiTests"/>
  </testsuite>
  <testsuite name="Monolith Service / Create Payment" id="f997dfa7-756d-454a-862d-ce5db1ffe28d" timestamp="2025-09-01T22:32:11.607Z" tests="2" failures="0" errors="0" time="0.008">
    <testcase name="Status code is 201" time="0.008" classname="CinemaAbyssApiTests"/>
    <testcase name="Response has id" time="0.008" classname="CinemaAbyssApiTests"/>
  </testsuite>
  <testsuite name="Monolith Service / Get Payment by ID" id="ed173d39-7bc7-4eea-be87-efb142a4fa0e" timestamp="2025-09-01T22:32:11.607Z" tests="2" failures="0" errors="0" time="0.009">
    <testcase name="Status code is 200" time="0.009" classname="CinemaAbyssApiTests"/>
    <testcase name="Payment ID matches" time="0.009" classname="CinemaAbyssApiTests"/>
  </testsuite>
  <testsuite name="Monolith Service / Create Subscription" id="33b58f19-8f88-4ebb-a6ba-5672776655f9" timestamp="2025-09-01T22:32:11.607Z" tests="2" failures="0" errors="0" time="0.010">
    <testcase name="Status code is 201" time="0.010" classname="CinemaAbyssApiTests"/>
    <testcase name="Response has id" time="0.010" classname="CinemaAbyssApiTests"/>
  </testsuite>
  <testsuite name="Monolith Service / Get Subscription by ID" id="3308c840-d74f-4b26-aa79-5b4f38089198" timestamp="2025-09-01T22:32:11.607Z" tests="2" failures="0" errors="0" time="0.006">
    <testcase name="Status code is 200" time="0.006" classname="CinemaAbyssApiTests"/>
    <testcase name="Subscription ID matches" time="0.006" classname="CinemaAbyssApiTests"/>
  </testsuite>
  <testsuite name="Movies Microservice / Health Check" id="0045b0ec-148b-48d4-bcc1-666438242ab3" timestamp="2025-09-01T22:32:11.607Z" tests="2" failures="0" errors="0" time="0.008">
    <testcase name="Status code is 200" time="0.008" classname="CinemaAbyssApiTests"/>
    <testcase name="Status is true" time="0.008" classname="CinemaAbyssApiTests"/>
  </testsuite>
  <testsuite name="Movies Microservice / Get All Movies" id="7f554c88-25b3-473b-9fda-b21c058bb5a5" timestamp="2025-09-01T22:32:11.607Z" tests="2" failures="0" errors="0" time="0.022">
    <testcase name="Status code is 200" time="0.022" classname="CinemaAbyssApiTests"/>
    <testcase name="Response is an array" time="0.022" classname="CinemaAbyssApiTests"/>
  </testsuite>
  <testsuite name="Movies Microservice / Create Movie" id="4f04245e-f387-48a7-a0c2-ef4df8e1072c" timestamp="2025-09-01T22:32:11.607Z" tests="2" failures="0" errors="0" time="0.008">
    <testcase name="Status code is 201" time="0.008" classname="CinemaAbyssApiTests"/>
    <testcase name="Response has id" time="0.008" classname="CinemaAbyssApiTests"/>
  </testsuite>
  <testsuite name="Movies Microservice / Get Movie by ID" id="2b5721c3-811d-4d9e-8e37-cb10a1736562" timestamp="2025-09-01T22:32:11.607Z" tests="2" failures="0" errors="0" time="0.004">
    <testcase name="Status code is 200" time="0.004" classname="CinemaAbyssApiTests"/>
    <testcase name="Movie ID matches" time="0.004" classname="CinemaAbyssApiTests"/>
  </testsuite>
  <testsuite name="Events Microservice / Health Check" id="98816392-df1c-4017-bc69-a3cbf28273a4" timestamp="2025-09-01T22:32:11.607Z" tests="2" failures="0" errors="0" time="0.093">
    <testcase name="Status code is 200" time="0.093" classname="CinemaAbyssApiTests"/>
    <testcase name="Status is true" time="0.093" classname="CinemaAbyssApiTests"/>
  </testsuite>
  <testsuite name="Events Microservice / Create Movie Event" id="32b1c4d6-2b28-481f-b1fd-edb292994904" timestamp="2025-09-01T22:32:11.607Z" tests="2" failures="0" errors="0" time="0.079">
    <testcase name="Status code is 201" time="0.079" classname="CinemaAbyssApiTests"/>
    <testcase name="Response has status success" time="0.079" classname="CinemaAbyssApiTests"/>
  </testsuite>
  <testsuite name="Events Microservice / Create User Event" id="4a3d0530-f551-45cd-ba84-e7a8217553e8" timestamp="2025-09-01T22:32:11.607Z" tests="2" failures="0" errors="0" time="0.010">
    <testcase name="Status code is 201" time="0.010" classname="CinemaAbyssApiTests"/>
    <testcase name="Response has status success" time="0.010" classname="CinemaAbyssApiTests"/>
  </testsuite>
  <testsuite name="Events Microservice / Create Payment Event" id="a1752248-8bee-43e2-bba9-34ce9d871ec8" timestamp="2025-09-01T22:32:11.607Z" tests="2" failures="0" errors="0" time="0.010">
    <testcase name="Status code is 201" time="0.010" classname="CinemaAbyssApiTests"/>
    <testcase name="Response has status success" time="0.010" classname="CinemaAbyssApiTests"/>
  </testsuite>
  <testsuite name="Proxy Service / Health Check" id="5b9a34e9-c998-425e-bd81-938f1e844737" timestamp="2025-09-01T22:32:11.607Z" tests="1" failures="0" errors="0" time="0.008">
    <testcase name="Status code is 200" time="0.008" classname="CinemaAbyssApiTests"/>
  </testsuite>
  <testsuite name="Proxy Service / Get All Movies via Proxy" id="0f590254-c35a-4ea2-8450-e799a55ca982" timestamp="2025-09-01T22:32:11.607Z" tests="2" failures="0" errors="0" time="0.009">
    <testcase name="Status code is 200" time="0.009" classname="CinemaAbyssApiTests"/>
    <testcase name="Response is an array" time="0.009" classname="CinemaAbyssApiTests"/>
  </testsuite>
  <testsuite name="Proxy Service / Get All Users via Proxy" id="b4b78f9b-71f7-4bcf-831e-92b1960ca650" timestamp="2025-09-01T22:32:11.607Z" tests="2" failures="0" errors="0" time="0.010">
    <testcase name="Status code is 200" time="0.010" classname="CinemaAbyssApiTests"/>
    <testcase name="Response is an array" time="0.010" classname="CinemaAbyssApiTests"/>
  </testsuite>
</testsuites>